<?xml version="1.0" encoding="UTF-8"?>
<!-- Generated by org.testng.reporters.JUnitXMLReporter -->
<testsuite ignored="0" hostname="LT-6374" failures="0" tests="4" name="Default test" time="86.877" errors="0" timestamp="2024-06-10T07:20:41 CST">
  <testcase classname="TestCases.ManageEmployees" name="ManageEmployeePage" time="15.855"/>
  <testcase classname="TestCases.ManageEmployees" name="InputSSS_message" time="9.514"/>
  <testcase classname="TestCases.ManageEmployees" name="InputSSS_message" time="9.542"/>
  <testcase classname="TestCases.ManageEmployees" name="InputSSS_message" time="9.427"/>
</testsuite> <!-- Default test -->
