<?xml version="1.0" encoding="UTF-8"?>
<testng-results ignored="0" total="4" passed="4" failed="0" skipped="0">
  <reporter-output>
  </reporter-output>
  <suite started-at="2024-06-10T07:19:14 CST" name="Default suite" finished-at="2024-06-10T07:20:41 CST" duration-ms="86877">
    <groups>
    </groups>
    <test started-at="2024-06-10T07:19:14 CST" name="Default test" finished-at="2024-06-10T07:20:41 CST" duration-ms="86877">
      <class name="TestCases.ManageEmployees">
        <test-method is-config="true" signature="setUp()[pri:0, instance:TestCases.ManageEmployees@5e2c3d18]" started-at="2024-06-10T07:19:14 CST" name="setUp" finished-at="2024-06-10T07:19:53 CST" duration-ms="38514" status="PASS">
          <reporter-output>
          </reporter-output>
        </test-method> <!-- setUp -->
        <test-method signature="ManageEmployeePage()[pri:1, instance:TestCases.ManageEmployees@5e2c3d18]" started-at="2024-06-10T07:19:53 CST" name="ManageEmployeePage" finished-at="2024-06-10T07:20:09 CST" duration-ms="15855" status="PASS">
          <reporter-output>
          </reporter-output>
        </test-method> <!-- ManageEmployeePage -->
        <test-method signature="InputSSS_message(java.lang.String)[pri:2, instance:TestCases.ManageEmployees@5e2c3d18]" started-at="2024-06-10T07:20:12 CST" name="InputSSS_message" data-provider="inputSSSno" finished-at="2024-06-10T07:20:22 CST" duration-ms="9514" status="PASS">
          <params>
            <param index="0">
              <value>
                <![CDATA[123]]>
              </value>
            </param>
          </params>
          <reporter-output>
          </reporter-output>
        </test-method> <!-- InputSSS_message -->
        <test-method signature="InputSSS_message(java.lang.String)[pri:2, instance:TestCases.ManageEmployees@5e2c3d18]" started-at="2024-06-10T07:20:22 CST" name="InputSSS_message" data-provider="inputSSSno" finished-at="2024-06-10T07:20:31 CST" duration-ms="9542" status="PASS">
          <params>
            <param index="0">
              <value>
                <![CDATA[3369877722]]>
              </value>
            </param>
          </params>
          <reporter-output>
          </reporter-output>
        </test-method> <!-- InputSSS_message -->
        <test-method signature="InputSSS_message(java.lang.String)[pri:2, instance:TestCases.ManageEmployees@5e2c3d18]" started-at="2024-06-10T07:20:31 CST" name="InputSSS_message" data-provider="inputSSSno" finished-at="2024-06-10T07:20:41 CST" duration-ms="9427" status="PASS">
          <params>
            <param index="0">
              <value>
                <![CDATA[3402214608]]>
              </value>
            </param>
          </params>
          <reporter-output>
          </reporter-output>
        </test-method> <!-- InputSSS_message -->
        <test-method is-config="true" signature="teardown()[pri:0, instance:TestCases.ManageEmployees@5e2c3d18]" started-at="2024-06-10T07:20:41 CST" name="teardown" finished-at="2024-06-10T07:20:41 CST" duration-ms="354" status="PASS">
          <reporter-output>
          </reporter-output>
        </test-method> <!-- teardown -->
      </class> <!-- TestCases.ManageEmployees -->
    </test> <!-- Default test -->
  </suite> <!-- Default suite -->
</testng-results>
